<?xml version="1.0" encoding="UTF-8"?>
<!-- Generated by org.testng.reporters.JUnitReportReporter -->
<testsuite skipped="0" hostname="Abduls-MacBook-Pro.local" name="TestCase.LocalTest" tests="1" failures="0" timestamp="2022-02-01T21:41:31 IST" time="42.797" errors="0">
  <testcase name="test" time="42.797" classname="TestCase.LocalTest"/>
  <system-out/>
</testsuite> <!-- TestCase.LocalTest -->
