<?xml version="1.0" encoding="UTF-8"?>
<!-- Generated by org.testng.reporters.JUnitReportReporter -->
<testsuite skipped="0" hostname="Abduls-MacBook-Pro.local" name="TestCase.SearchiPhone" tests="3" failures="0" timestamp="2022-01-12T16:59:33 IST" time="124.744" errors="0">
  <testcase name="SearchiPhoneX" time="46.236" classname="TestCase.SearchiPhone"/>
  <system-out/>
  <testcase name="SearchiPhoneX" time="32.320" classname="TestCase.SearchiPhone"/>
  <system-out/>
  <testcase name="SearchiPhoneX" time="46.188" classname="TestCase.SearchiPhone"/>
  <system-out/>
</testsuite> <!-- TestCase.SearchiPhone -->
