<?xml version="1.0" encoding="UTF-8"?>
<!-- Generated by org.testng.reporters.JUnitReportReporter -->
<testsuite skipped="0" hostname="Abduls-MacBook-Pro.local" name="TestCase.LocalTest" tests="1" failures="0" timestamp="2021-12-16T21:40:01 IST" time="47.999" errors="0">
  <testcase name="test" time="47.999" classname="TestCase.LocalTest"/>
  <system-out/>
</testsuite> <!-- TestCase.LocalTest -->
