<?xml version="1.0" encoding="UTF-8"?>
<!-- Generated by org.testng.reporters.JUnitReportReporter -->
<testsuite skipped="0" hostname="Abduls-MacBook-Pro.local" name="TestCase.LocalTest" tests="1" failures="0" timestamp="2022-01-12T14:59:41 IST" time="50.412" errors="0">
  <testcase name="test" time="50.412" classname="TestCase.LocalTest"/>
  <system-out/>
</testsuite> <!-- TestCase.LocalTest -->
