<?xml version="1.0" encoding="UTF-8"?>
<!-- Generated by org.testng.reporters.JUnitReportReporter -->
<testsuite skipped="0" hostname="Abduls-MacBook-Pro.local" name="TestCase.SearchiPhone" tests="3" failures="0" timestamp="2021-12-16T21:36:50 IST" time="474.179" errors="0">
  <testcase name="SearchiPhoneX" time="131.595" classname="TestCase.SearchiPhone"/>
  <system-out/>
  <testcase name="SearchiPhoneX" time="146.443" classname="TestCase.SearchiPhone"/>
  <system-out/>
  <testcase name="SearchiPhoneX" time="196.141" classname="TestCase.SearchiPhone"/>
  <system-out/>
</testsuite> <!-- TestCase.SearchiPhone -->
